<?xml version="1.0" encoding="UTF-8"?>
<!-- Generated by org.testng.reporters.JUnitXMLReporter -->
<testsuite ignored="0" hostname="ChicomeXochitl" failures="0" tests="2" name="Linux-Firefox" time="193.187" errors="0" timestamp="2025-04-09T11:36:20 CDT">
  <testcase classname="testCases.TC_001_AccountRegistrationTest" name="verify_account_registration" time="3.712"/>
  <testcase classname="testCases.TC_002_LoginTest" name="verify_login" time="0.0">
    <skipped/>
  </testcase> <!-- verify_login -->
</testsuite> <!-- Linux-Firefox -->
